Logfile initialized
[INFO] logfile = /Users/nsharma/Documents/Titanium Studio Workspace/CustomFonts/build.log
[DEBUG] /Users/nsharma/Library/Application Support/Titanium/mobilesdk/osx/2.0.1.GA2/android/builder.py install CustomFonts /Users/nsharma/Downloads/android-sdk-macosx /Users/nsharma/Documents/Titanium Studio Workspace/CustomFonts com.nikhil.test 8
[INFO] Titanium SDK version: 2.0.1 (04/12/12 16:33 999c68a)
[DEBUG] Waiting for device to be ready ...
[TRACE] adb devices returned 1 devices/emulators
[DEBUG] Device connected... (waited 0 seconds)
[DEBUG] waited 0.017635 seconds on emulator to get ready
[DEBUG] com.nikhil.test installed? False
[INFO] Copying CommonJS modules...
[INFO] Copying project resources..
[INFO] Detected change in tiapp.xml, or assets deleted. Forcing full re-build...
[TRACE] COPYING CREATED FILE: /Users/nsharma/Documents/Titanium Studio Workspace/CustomFonts/Resources/android/appicon.png => /Users/nsharma/Documents/Titanium Studio Workspace/CustomFonts/build/android/bin/assets/Resources/appicon.png
[TRACE] COPYING CREATED FILE: /Users/nsharma/Documents/Titanium Studio Workspace/CustomFonts/Resources/android/default.png => /Users/nsharma/Documents/Titanium Studio Workspace/CustomFonts/build/android/bin/assets/Resources/default.png
[TRACE] COPYING CREATED FILE: /Users/nsharma/Documents/Titanium Studio Workspace/CustomFonts/Resources/app.js => /Users/nsharma/Documents/Titanium Studio Workspace/CustomFonts/build/android/bin/assets/Resources/app.js
[TRACE] COPYING CREATED FILE: /Users/nsharma/Documents/Titanium Studio Workspace/CustomFonts/Resources/fonts/burnstown_dam.otf => /Users/nsharma/Documents/Titanium Studio Workspace/CustomFonts/build/android/bin/assets/Resources/fonts/burnstown_dam.otf
[TRACE] COPYING CREATED FILE: /Users/nsharma/Documents/Titanium Studio Workspace/CustomFonts/Resources/fonts/Larabie Fonts License.txt => /Users/nsharma/Documents/Titanium Studio Workspace/CustomFonts/build/android/bin/assets/Resources/fonts/Larabie Fonts License.txt
[TRACE] COPYING CREATED FILE: /Users/nsharma/Documents/Titanium Studio Workspace/CustomFonts/Resources/fonts/OFL.txt => /Users/nsharma/Documents/Titanium Studio Workspace/CustomFonts/build/android/bin/assets/Resources/fonts/OFL.txt
[TRACE] COPYING CREATED FILE: /Users/nsharma/Documents/Titanium Studio Workspace/CustomFonts/Resources/fonts/SpicyRice-Italic.ttf => /Users/nsharma/Documents/Titanium Studio Workspace/CustomFonts/build/android/bin/assets/Resources/fonts/SpicyRice-Italic.ttf
[TRACE] COPYING CREATED FILE: /Users/nsharma/Documents/Titanium Studio Workspace/CustomFonts/Resources/fonts/SpicyRice-Regular.ttf => /Users/nsharma/Documents/Titanium Studio Workspace/CustomFonts/build/android/bin/assets/Resources/fonts/SpicyRice-Regular.ttf
[TRACE] COPYING CREATED FILE: /Users/nsharma/Documents/Titanium Studio Workspace/CustomFonts/Resources/Info.plist => /Users/nsharma/Documents/Titanium Studio Workspace/CustomFonts/build/android/bin/assets/Resources/Info.plist
[TRACE] COPYING CREATED FILE: /Users/nsharma/Documents/Titanium Studio Workspace/CustomFonts/Resources/KS_nav_ui.png => /Users/nsharma/Documents/Titanium Studio Workspace/CustomFonts/build/android/bin/assets/Resources/KS_nav_ui.png
[TRACE] COPYING CREATED FILE: /Users/nsharma/Documents/Titanium Studio Workspace/CustomFonts/Resources/KS_nav_views.png => /Users/nsharma/Documents/Titanium Studio Workspace/CustomFonts/build/android/bin/assets/Resources/KS_nav_views.png
[TRACE] Generating Java Classes
[DEBUG] Processing Android resource drawables
[DEBUG] app stylesheet => /Users/nsharma/Documents/Titanium Studio Workspace/CustomFonts/build/android/gen/com/nikhil/test/ApplicationStylesheet.java
[DEBUG] copying app icon: /Users/nsharma/Documents/Titanium Studio Workspace/CustomFonts/build/android/bin/assets/Resources/appicon.png
[DEBUG] generating theme.xml
[DEBUG] found drawable-long-land-hdpi splash screen at /Users/nsharma/Documents/Titanium Studio Workspace/CustomFonts/Resources/android/images/res-long-land-hdpi/default.png
[DEBUG] copying /Users/nsharma/Documents/Titanium Studio Workspace/CustomFonts/Resources/android/images/res-long-land-hdpi/default.png splash screen to /Users/nsharma/Documents/Titanium Studio Workspace/CustomFonts/build/android/res/drawable-long-land-hdpi/background.png
[DEBUG] found drawable-long-land-ldpi splash screen at /Users/nsharma/Documents/Titanium Studio Workspace/CustomFonts/Resources/android/images/res-long-land-ldpi/default.png
[DEBUG] copying /Users/nsharma/Documents/Titanium Studio Workspace/CustomFonts/Resources/android/images/res-long-land-ldpi/default.png splash screen to /Users/nsharma/Documents/Titanium Studio Workspace/CustomFonts/build/android/res/drawable-long-land-ldpi/background.png
[DEBUG] found drawable-long-port-hdpi splash screen at /Users/nsharma/Documents/Titanium Studio Workspace/CustomFonts/Resources/android/images/res-long-port-hdpi/default.png
[DEBUG] copying /Users/nsharma/Documents/Titanium Studio Workspace/CustomFonts/Resources/android/images/res-long-port-hdpi/default.png splash screen to /Users/nsharma/Documents/Titanium Studio Workspace/CustomFonts/build/android/res/drawable-long-port-hdpi/background.png
[DEBUG] found drawable-long-port-ldpi splash screen at /Users/nsharma/Documents/Titanium Studio Workspace/CustomFonts/Resources/android/images/res-long-port-ldpi/default.png
[DEBUG] copying /Users/nsharma/Documents/Titanium Studio Workspace/CustomFonts/Resources/android/images/res-long-port-ldpi/default.png splash screen to /Users/nsharma/Documents/Titanium Studio Workspace/CustomFonts/build/android/res/drawable-long-port-ldpi/background.png
[DEBUG] found drawable-notlong-land-hdpi splash screen at /Users/nsharma/Documents/Titanium Studio Workspace/CustomFonts/Resources/android/images/res-notlong-land-hdpi/default.png
[DEBUG] copying /Users/nsharma/Documents/Titanium Studio Workspace/CustomFonts/Resources/android/images/res-notlong-land-hdpi/default.png splash screen to /Users/nsharma/Documents/Titanium Studio Workspace/CustomFonts/build/android/res/drawable-notlong-land-hdpi/background.png
[DEBUG] found drawable-notlong-land-ldpi splash screen at /Users/nsharma/Documents/Titanium Studio Workspace/CustomFonts/Resources/android/images/res-notlong-land-ldpi/default.png
[DEBUG] copying /Users/nsharma/Documents/Titanium Studio Workspace/CustomFonts/Resources/android/images/res-notlong-land-ldpi/default.png splash screen to /Users/nsharma/Documents/Titanium Studio Workspace/CustomFonts/build/android/res/drawable-notlong-land-ldpi/background.png
[DEBUG] found drawable-notlong-land-mdpi splash screen at /Users/nsharma/Documents/Titanium Studio Workspace/CustomFonts/Resources/android/images/res-notlong-land-mdpi/default.png
[DEBUG] copying /Users/nsharma/Documents/Titanium Studio Workspace/CustomFonts/Resources/android/images/res-notlong-land-mdpi/default.png splash screen to /Users/nsharma/Documents/Titanium Studio Workspace/CustomFonts/build/android/res/drawable-notlong-land-mdpi/background.png
[DEBUG] found drawable-notlong-port-hdpi splash screen at /Users/nsharma/Documents/Titanium Studio Workspace/CustomFonts/Resources/android/images/res-notlong-port-hdpi/default.png
[DEBUG] copying /Users/nsharma/Documents/Titanium Studio Workspace/CustomFonts/Resources/android/images/res-notlong-port-hdpi/default.png splash screen to /Users/nsharma/Documents/Titanium Studio Workspace/CustomFonts/build/android/res/drawable-notlong-port-hdpi/background.png
[DEBUG] found drawable-notlong-port-ldpi splash screen at /Users/nsharma/Documents/Titanium Studio Workspace/CustomFonts/Resources/android/images/res-notlong-port-ldpi/default.png
[DEBUG] copying /Users/nsharma/Documents/Titanium Studio Workspace/CustomFonts/Resources/android/images/res-notlong-port-ldpi/default.png splash screen to /Users/nsharma/Documents/Titanium Studio Workspace/CustomFonts/build/android/res/drawable-notlong-port-ldpi/background.png
[DEBUG] found drawable-notlong-port-mdpi splash screen at /Users/nsharma/Documents/Titanium Studio Workspace/CustomFonts/Resources/android/images/res-notlong-port-mdpi/default.png
[DEBUG] copying /Users/nsharma/Documents/Titanium Studio Workspace/CustomFonts/Resources/android/images/res-notlong-port-mdpi/default.png splash screen to /Users/nsharma/Documents/Titanium Studio Workspace/CustomFonts/build/android/res/drawable-notlong-port-mdpi/background.png
[DEBUG] found splash screen at /Users/nsharma/Documents/Titanium Studio Workspace/CustomFonts/build/android/bin/assets/Resources/default.png
[TRACE] Writing out AndroidManifest.xml
[DEBUG] adding /Users/nsharma/Documents/Titanium Studio Workspace/CustomFonts/build/android/gen/com/nikhil/test/ApplicationStylesheet.java to javac build list
[DEBUG] adding /Users/nsharma/Documents/Titanium Studio Workspace/CustomFonts/build/android/gen/com/nikhil/test/CustomfontsActivity.java to javac build list
[DEBUG] adding /Users/nsharma/Documents/Titanium Studio Workspace/CustomFonts/build/android/gen/com/nikhil/test/CustomfontsAppInfo.java to javac build list
[DEBUG] adding /Users/nsharma/Documents/Titanium Studio Workspace/CustomFonts/build/android/gen/com/nikhil/test/CustomfontsApplication.java to javac build list
[DEBUG] adding /Users/nsharma/Documents/Titanium Studio Workspace/CustomFonts/build/android/gen/com/nikhil/test/R.java to javac build list
[DEBUG] Building Java Sources: "/Users/nsharma/Documents/Titanium Studio Workspace/CustomFonts/build/android/gen/com/nikhil/test/ApplicationStylesheet.java" "/Users/nsharma/Documents/Titanium Studio Workspace/CustomFonts/build/android/gen/com/nikhil/test/CustomfontsActivity.java" "/Users/nsharma/Documents/Titanium Studio Workspace/CustomFonts/build/android/gen/com/nikhil/test/CustomfontsAppInfo.java" "/Users/nsharma/Documents/Titanium Studio Workspace/CustomFonts/build/android/gen/com/nikhil/test/CustomfontsApplication.java" "/Users/nsharma/Documents/Titanium Studio Workspace/CustomFonts/build/android/gen/com/nikhil/test/R.java"
[INFO] Compiling Android Resources... This could take some time
[DEBUG] Android classes.dex built
[DEBUG] creating unsigned apk: /Users/nsharma/Documents/Titanium Studio Workspace/CustomFonts/build/android/bin/app-unsigned.apk
[DEBUG] from resource zip => assets/Resources/fonts/Larabie Fonts License.txt
[DEBUG] from resource zip => assets/Resources/fonts/OFL.txt
[DEBUG] from resource zip => assets/Resources/fonts/SpicyRice-Italic.ttf
[DEBUG] from resource zip => assets/Resources/fonts/SpicyRice-Regular.ttf
[DEBUG] from resource zip => assets/Resources/fonts/burnstown_dam.otf
[DEBUG] from resource zip => assets/Resources/Info.plist
[DEBUG] from resource zip => assets/Resources/KS_nav_ui.png
[DEBUG] from resource zip => assets/Resources/KS_nav_views.png
[DEBUG] from resource zip => assets/Resources/app.js
[DEBUG] from resource zip => assets/Resources/appicon.png
[DEBUG] from resource zip => assets/Resources/default.png
[DEBUG] from resource zip => assets/Resources/ti.cloud.js
[DEBUG] from resource zip => assets/app.json
[DEBUG] from resource zip => assets/index.json
[DEBUG] from resource zip => assets/tiapp.xml
[DEBUG] from resource zip => res/drawable/appicon.png
[DEBUG] from resource zip => res/drawable/background.png
[DEBUG] from resource zip => res/layout/titanium_tabgroup.xml
[DEBUG] from resource zip => AndroidManifest.xml
[DEBUG] from resource zip => resources.arsc
[DEBUG] from resource zip => res/drawable-long-land-hdpi/background.png
[DEBUG] from resource zip => res/drawable-long-land-ldpi/background.png
[DEBUG] from resource zip => res/drawable-long-port-hdpi/background.png
[DEBUG] from resource zip => res/drawable-long-port-ldpi/background.png
[DEBUG] from resource zip => res/drawable-notlong-land-hdpi/background.png
[DEBUG] from resource zip => res/drawable-notlong-land-ldpi/background.png
[DEBUG] from resource zip => res/drawable-notlong-land-mdpi/background.png
[DEBUG] from resource zip => res/drawable-notlong-port-hdpi/background.png
[DEBUG] from resource zip => res/drawable-notlong-port-ldpi/background.png
[DEBUG] from resource zip => res/drawable-notlong-port-mdpi/background.png
[DEBUG] from JAR /Users/nsharma/Library/Application Support/Titanium/mobilesdk/osx/2.0.1.GA2/android/titanium.jar => org/appcelerator/titanium/build.properties
[DEBUG] from JAR /Users/nsharma/Library/Application Support/Titanium/mobilesdk/osx/2.0.1.GA2/android/titanium.jar => org/appcelerator/titanium/res/drawable/background.png
[DEBUG] from JAR /Users/nsharma/Library/Application Support/Titanium/mobilesdk/osx/2.0.1.GA2/android/titanium.jar => org/appcelerator/titanium/res/drawable/btn_check_buttonless_on.png
[DEBUG] from JAR /Users/nsharma/Library/Application Support/Titanium/mobilesdk/osx/2.0.1.GA2/android/titanium.jar => org/appcelerator/titanium/res/drawable/btn_check_buttonless_on_18.png
[DEBUG] from JAR /Users/nsharma/Library/Application Support/Titanium/mobilesdk/osx/2.0.1.GA2/android/titanium.jar => org/appcelerator/titanium/res/drawable/btn_check_buttonless_on_48.png
[DEBUG] from JAR /Users/nsharma/Library/Application Support/Titanium/mobilesdk/osx/2.0.1.GA2/android/titanium.jar => org/appcelerator/titanium/res/drawable/btn_more.png
[DEBUG] from JAR /Users/nsharma/Library/Application Support/Titanium/mobilesdk/osx/2.0.1.GA2/android/titanium.jar => org/appcelerator/titanium/res/drawable/btn_more_18.png
[DEBUG] from JAR /Users/nsharma/Library/Application Support/Titanium/mobilesdk/osx/2.0.1.GA2/android/titanium.jar => org/appcelerator/titanium/res/drawable/btn_more_48.png
[DEBUG] from JAR /Users/nsharma/Library/Application Support/Titanium/mobilesdk/osx/2.0.1.GA2/android/titanium.jar => org/appcelerator/titanium/res/drawable/btn_picker_normal.9.png
[DEBUG] from JAR /Users/nsharma/Library/Application Support/Titanium/mobilesdk/osx/2.0.1.GA2/android/titanium.jar => org/appcelerator/titanium/res/drawable/btn_picker_pressed.9.png
[DEBUG] from JAR /Users/nsharma/Library/Application Support/Titanium/mobilesdk/osx/2.0.1.GA2/android/titanium.jar => org/appcelerator/titanium/res/drawable/btn_picker_selected.9.png
[DEBUG] from JAR /Users/nsharma/Library/Application Support/Titanium/mobilesdk/osx/2.0.1.GA2/android/titanium.jar => org/appcelerator/titanium/res/drawable/default_icon.png
[DEBUG] from JAR /Users/nsharma/Library/Application Support/Titanium/mobilesdk/osx/2.0.1.GA2/android/titanium.jar => org/appcelerator/titanium/res/drawable/photoDefault.png
[DEBUG] from JAR /Users/nsharma/Library/Application Support/Titanium/mobilesdk/osx/2.0.1.GA2/android/modules/titanium-ui.jar => ti/modules/titanium/ui/widget/webview/binding.js
[DEBUG] from JAR /Users/nsharma/Library/Application Support/Titanium/mobilesdk/osx/2.0.1.GA2/android/modules/titanium-ui.jar => ti/modules/titanium/ui/widget/webview/binding.min.js
[DEBUG] from JAR /Users/nsharma/Library/Application Support/Titanium/mobilesdk/osx/2.0.1.GA2/android/modules/titanium-ui.jar => ti/modules/titanium/ui/widget/webview/json2.js
[DEBUG] from JAR /Users/nsharma/Library/Application Support/Titanium/mobilesdk/osx/2.0.1.GA2/android/thirdparty.jar => org/apache/Commons-NOTICE.txt
[DEBUG] from JAR /Users/nsharma/Library/Application Support/Titanium/mobilesdk/osx/2.0.1.GA2/android/thirdparty.jar => org/apache/HttpComponents-NOTICE.txt
[DEBUG] from JAR /Users/nsharma/Library/Application Support/Titanium/mobilesdk/osx/2.0.1.GA2/android/thirdparty.jar => org/apache/mime4j-NOTICE.txt
[DEBUG] installing native SDK libs
[DEBUG] Waiting for device to be ready ...
[TRACE] adb devices returned 1 devices/emulators
[DEBUG] Device connected... (waited 0 seconds)
[DEBUG] waited 0.024308 seconds on emulator to get ready
[INFO] Installing application on device
[INFO] Application installed. Launch from drawer on Home Screen
